{
    "meta": {
        "version": "5.2",
        "timestamp": "2020-07-21T19:50:13.510097",
        "branch_coverage": false,
        "show_contexts": false
    },
    "files": {
        "conf.py": {
            "executed_lines": [16, 17, 18, 21, 29, 40, 46, 51, 56, 74, 79],
            "summary": {
                "covered_lines": 11,
                "num_statements": 11,
                "percent_covered": 100.0,
                "missing_lines": 0,
                "excluded_lines": 0
            },
            "missing_lines": [],
            "excluded_lines": []
        }
    },
    "totals": {
        "covered_lines": 11,
        "num_statements": 11,
        "percent_covered": 100.0,
        "missing_lines": 0,
        "excluded_lines": 0
    }
}
